log_level:INFO	time:11/Nov/2013:10:49:01 +0000	process:blackbird	thread:MainThread	message:stated  process main
log_level:DEBUG	time:11/Nov/2013:10:49:01 +0000	process:blackbird	thread:local_memcached	message:Inserted to queue memcached.pid:7742
log_level:DEBUG	time:11/Nov/2013:10:49:01 +0000	process:blackbird	thread:local_memcached	message:Inserted to queue memcached.uptime:1090877
log_level:DEBUG	time:11/Nov/2013:10:49:01 +0000	process:blackbird	thread:local_memcached	message:Inserted to queue memcached.time:1384134540
log_level:DEBUG	time:11/Nov/2013:10:49:01 +0000	process:blackbird	thread:local_memcached	message:Inserted to queue memcached.version:1.4.4
log_level:DEBUG	time:11/Nov/2013:10:49:01 +0000	process:blackbird	thread:local_memcached	message:Inserted to queue memcached.pointer_size:64
log_level:DEBUG	time:11/Nov/2013:10:49:01 +0000	process:blackbird	thread:local_memcached	message:Inserted to queue memcached.rusage_user:23.291459
log_level:DEBUG	time:11/Nov/2013:10:49:01 +0000	process:blackbird	thread:local_memcached	message:Inserted to queue memcached.rusage_system:25.966052
log_level:DEBUG	time:11/Nov/2013:10:49:01 +0000	process:blackbird	thread:local_memcached	message:Inserted to queue memcached.curr_connections:10
log_level:DEBUG	time:11/Nov/2013:10:49:01 +0000	process:blackbird	thread:local_memcached	message:Inserted to queue memcached.total_connections:8738
log_level:DEBUG	time:11/Nov/2013:10:49:01 +0000	process:blackbird	thread:local_memcached	message:Inserted to queue memcached.connection_structures:12
log_level:DEBUG	time:11/Nov/2013:10:49:01 +0000	process:blackbird	thread:local_memcached	message:Inserted to queue memcached.cmd_get:0
log_level:DEBUG	time:11/Nov/2013:10:49:01 +0000	process:blackbird	thread:local_memcached	message:Inserted to queue memcached.cmd_set:0
log_level:DEBUG	time:11/Nov/2013:10:49:01 +0000	process:blackbird	thread:local_memcached	message:Inserted to queue memcached.cmd_flush:0
log_level:DEBUG	time:11/Nov/2013:10:49:01 +0000	process:blackbird	thread:local_memcached	message:Inserted to queue memcached.get_hits:0
log_level:DEBUG	time:11/Nov/2013:10:49:01 +0000	process:blackbird	thread:local_memcached	message:Inserted to queue memcached.get_misses:0
log_level:DEBUG	time:11/Nov/2013:10:49:01 +0000	process:blackbird	thread:local_memcached	message:Inserted to queue memcached.delete_misses:0
log_level:DEBUG	time:11/Nov/2013:10:49:01 +0000	process:blackbird	thread:local_memcached	message:Inserted to queue memcached.delete_hits:0
log_level:DEBUG	time:11/Nov/2013:10:49:01 +0000	process:blackbird	thread:local_memcached	message:Inserted to queue memcached.incr_misses:0
log_level:DEBUG	time:11/Nov/2013:10:49:01 +0000	process:blackbird	thread:local_memcached	message:Inserted to queue memcached.incr_hits:0
log_level:DEBUG	time:11/Nov/2013:10:49:01 +0000	process:blackbird	thread:local_memcached	message:Inserted to queue memcached.decr_misses:0
log_level:DEBUG	time:11/Nov/2013:10:49:01 +0000	process:blackbird	thread:local_memcached	message:Inserted to queue memcached.decr_hits:0
log_level:DEBUG	time:11/Nov/2013:10:49:01 +0000	process:blackbird	thread:local_memcached	message:Inserted to queue memcached.cas_misses:0
log_level:DEBUG	time:11/Nov/2013:10:49:01 +0000	process:blackbird	thread:local_memcached	message:Inserted to queue memcached.cas_hits:0
log_level:DEBUG	time:11/Nov/2013:10:49:01 +0000	process:blackbird	thread:local_memcached	message:Inserted to queue memcached.cas_badval:0
log_level:DEBUG	time:11/Nov/2013:10:49:01 +0000	process:blackbird	thread:local_memcached	message:Inserted to queue memcached.auth_cmds:0
log_level:DEBUG	time:11/Nov/2013:10:49:01 +0000	process:blackbird	thread:local_memcached	message:Inserted to queue memcached.auth_errors:0
log_level:DEBUG	time:11/Nov/2013:10:49:01 +0000	process:blackbird	thread:local_memcached	message:Inserted to queue memcached.bytes_read:53575
log_level:DEBUG	time:11/Nov/2013:10:49:01 +0000	process:blackbird	thread:local_memcached	message:Inserted to queue memcached.bytes_written:6857286
log_level:DEBUG	time:11/Nov/2013:10:49:01 +0000	process:blackbird	thread:local_memcached	message:Inserted to queue memcached.limit_maxbytes:67108864
log_level:DEBUG	time:11/Nov/2013:10:49:01 +0000	process:blackbird	thread:local_memcached	message:Inserted to queue memcached.accepting_conns:1
log_level:DEBUG	time:11/Nov/2013:10:49:01 +0000	process:blackbird	thread:local_memcached	message:Inserted to queue memcached.listen_disabled_num:0
log_level:DEBUG	time:11/Nov/2013:10:49:01 +0000	process:blackbird	thread:local_memcached	message:Inserted to queue memcached.threads:4
log_level:DEBUG	time:11/Nov/2013:10:49:01 +0000	process:blackbird	thread:local_memcached	message:Inserted to queue memcached.conn_yields:0
log_level:DEBUG	time:11/Nov/2013:10:49:01 +0000	process:blackbird	thread:local_memcached	message:Inserted to queue memcached.bytes:0
log_level:DEBUG	time:11/Nov/2013:10:49:01 +0000	process:blackbird	thread:local_memcached	message:Inserted to queue memcached.curr_items:0
log_level:DEBUG	time:11/Nov/2013:10:49:01 +0000	process:blackbird	thread:local_memcached	message:Inserted to queue memcached.total_items:0
log_level:DEBUG	time:11/Nov/2013:10:49:01 +0000	process:blackbird	thread:local_memcached	message:Inserted to queue memcached.evictions:0
Terminating on signal 15
log_level:INFO	time:11/Nov/2013:12:04:09 +0000	process:blackbird	thread:MainThread	message:stated  process main
log_level:DEBUG	time:11/Nov/2013:12:04:09 +0000	process:blackbird	thread:local_memcached	message:Inserted to queue memcached.pid:7742
log_level:DEBUG	time:11/Nov/2013:12:04:09 +0000	process:blackbird	thread:local_memcached	message:Inserted to queue memcached.uptime:1095385
log_level:DEBUG	time:11/Nov/2013:12:04:09 +0000	process:blackbird	thread:local_memcached	message:Inserted to queue memcached.time:1384139048
log_level:DEBUG	time:11/Nov/2013:12:04:09 +0000	process:blackbird	thread:local_memcached	message:Inserted to queue memcached.version:1.4.4
log_level:DEBUG	time:11/Nov/2013:12:04:09 +0000	process:blackbird	thread:local_memcached	message:Inserted to queue memcached.pointer_size:64
log_level:DEBUG	time:11/Nov/2013:12:04:09 +0000	process:blackbird	thread:local_memcached	message:Inserted to queue memcached.rusage_user:23.415440
log_level:DEBUG	time:11/Nov/2013:12:04:09 +0000	process:blackbird	thread:local_memcached	message:Inserted to queue memcached.rusage_system:26.041041
log_level:DEBUG	time:11/Nov/2013:12:04:09 +0000	process:blackbird	thread:local_memcached	message:Inserted to queue memcached.curr_connections:10
log_level:DEBUG	time:11/Nov/2013:12:04:09 +0000	process:blackbird	thread:local_memcached	message:Inserted to queue memcached.total_connections:8739
log_level:DEBUG	time:11/Nov/2013:12:04:09 +0000	process:blackbird	thread:local_memcached	message:Inserted to queue memcached.connection_structures:12
log_level:DEBUG	time:11/Nov/2013:12:04:09 +0000	process:blackbird	thread:local_memcached	message:Inserted to queue memcached.cmd_get:0
log_level:DEBUG	time:11/Nov/2013:12:04:09 +0000	process:blackbird	thread:local_memcached	message:Inserted to queue memcached.cmd_set:0
log_level:DEBUG	time:11/Nov/2013:12:04:09 +0000	process:blackbird	thread:local_memcached	message:Inserted to queue memcached.cmd_flush:0
log_level:DEBUG	time:11/Nov/2013:12:04:09 +0000	process:blackbird	thread:local_memcached	message:Inserted to queue memcached.get_hits:0
log_level:DEBUG	time:11/Nov/2013:12:04:09 +0000	process:blackbird	thread:local_memcached	message:Inserted to queue memcached.get_misses:0
log_level:DEBUG	time:11/Nov/2013:12:04:09 +0000	process:blackbird	thread:local_memcached	message:Inserted to queue memcached.delete_misses:0
log_level:DEBUG	time:11/Nov/2013:12:04:09 +0000	process:blackbird	thread:local_memcached	message:Inserted to queue memcached.delete_hits:0
log_level:DEBUG	time:11/Nov/2013:12:04:09 +0000	process:blackbird	thread:local_memcached	message:Inserted to queue memcached.incr_misses:0
log_level:DEBUG	time:11/Nov/2013:12:04:09 +0000	process:blackbird	thread:local_memcached	message:Inserted to queue memcached.incr_hits:0
log_level:DEBUG	time:11/Nov/2013:12:04:09 +0000	process:blackbird	thread:local_memcached	message:Inserted to queue memcached.decr_misses:0
log_level:DEBUG	time:11/Nov/2013:12:04:09 +0000	process:blackbird	thread:local_memcached	message:Inserted to queue memcached.decr_hits:0
log_level:DEBUG	time:11/Nov/2013:12:04:09 +0000	process:blackbird	thread:local_memcached	message:Inserted to queue memcached.cas_misses:0
log_level:DEBUG	time:11/Nov/2013:12:04:09 +0000	process:blackbird	thread:local_memcached	message:Inserted to queue memcached.cas_hits:0
log_level:DEBUG	time:11/Nov/2013:12:04:09 +0000	process:blackbird	thread:local_memcached	message:Inserted to queue memcached.cas_badval:0
log_level:DEBUG	time:11/Nov/2013:12:04:09 +0000	process:blackbird	thread:local_memcached	message:Inserted to queue memcached.auth_cmds:0
log_level:DEBUG	time:11/Nov/2013:12:04:09 +0000	process:blackbird	thread:local_memcached	message:Inserted to queue memcached.auth_errors:0
log_level:DEBUG	time:11/Nov/2013:12:04:09 +0000	process:blackbird	thread:local_memcached	message:Inserted to queue memcached.bytes_read:53581
log_level:DEBUG	time:11/Nov/2013:12:04:09 +0000	process:blackbird	thread:local_memcached	message:Inserted to queue memcached.bytes_written:6858072
log_level:DEBUG	time:11/Nov/2013:12:04:09 +0000	process:blackbird	thread:local_memcached	message:Inserted to queue memcached.limit_maxbytes:67108864
log_level:DEBUG	time:11/Nov/2013:12:04:09 +0000	process:blackbird	thread:local_memcached	message:Inserted to queue memcached.accepting_conns:1
log_level:DEBUG	time:11/Nov/2013:12:04:09 +0000	process:blackbird	thread:local_memcached	message:Inserted to queue memcached.listen_disabled_num:0
log_level:DEBUG	time:11/Nov/2013:12:04:09 +0000	process:blackbird	thread:local_memcached	message:Inserted to queue memcached.threads:4
log_level:DEBUG	time:11/Nov/2013:12:04:09 +0000	process:blackbird	thread:local_memcached	message:Inserted to queue memcached.conn_yields:0
log_level:DEBUG	time:11/Nov/2013:12:04:09 +0000	process:blackbird	thread:local_memcached	message:Inserted to queue memcached.bytes:0
log_level:DEBUG	time:11/Nov/2013:12:04:09 +0000	process:blackbird	thread:local_memcached	message:Inserted to queue memcached.curr_items:0
log_level:DEBUG	time:11/Nov/2013:12:04:09 +0000	process:blackbird	thread:local_memcached	message:Inserted to queue memcached.total_items:0
log_level:DEBUG	time:11/Nov/2013:12:04:09 +0000	process:blackbird	thread:local_memcached	message:Inserted to queue memcached.evictions:0
log_level:DEBUG	time:11/Nov/2013:12:04:09 +0000	process:blackbird	thread:zabbix	message:{'data': [{'host': 'A13012', 'value': '7742', 'key': 'memcached.pid', 'clock': 1384139049}, {'host': 'A13012', 'value': '1095385', 'key': 'memcached.uptime', 'clock': 1384139049}, {'host': 'A13012', 'value': '1384139048', 'key': 'memcached.time', 'clock': 1384139049}, {'host': 'A13012', 'value': '1.4.4', 'key': 'memcached.version', 'clock': 1384139049}, {'host': 'A13012', 'value': '64', 'key': 'memcached.pointer_size', 'clock': 1384139049}, {'host': 'A13012', 'value': '23.415440', 'key': 'memcached.rusage_user', 'clock': 1384139049}, {'host': 'A13012', 'value': '26.041041', 'key': 'memcached.rusage_system', 'clock': 1384139049}, {'host': 'A13012', 'value': '10', 'key': 'memcached.curr_connections', 'clock': 1384139049}, {'host': 'A13012', 'value': '8739', 'key': 'memcached.total_connections', 'clock': 1384139049}, {'host': 'A13012', 'value': '12', 'key': 'memcached.connection_structures', 'clock': 1384139049}, {'host': 'A13012', 'value': '0', 'key': 'memcached.cmd_get', 'clock': 1384139049}, {'host': 'A13012', 'value': '0', 'key': 'memcached.cmd_set', 'clock': 1384139049}, {'host': 'A13012', 'value': '0', 'key': 'memcached.cmd_flush', 'clock': 1384139049}, {'host': 'A13012', 'value': '0', 'key': 'memcached.get_hits', 'clock': 1384139049}, {'host': 'A13012', 'value': '0', 'key': 'memcached.get_misses', 'clock': 1384139049}, {'host': 'hogehoge.com', 'value': 0, 'key': 'linux.net.tcp[CLOSE]', 'clock': 1384139049}, {'host': 'hogehoge.com', 'value': 0, 'key': 'linux.net.tcp[CLOSING]', 'clock': 1384139049}, {'host': 'hogehoge.com', 'value': 0, 'key': 'linux.net.tcp[CLOSE_WAIT]', 'clock': 1384139049}, {'host': 'hogehoge.com', 'value': 7, 'key': 'linux.net.tcp[LISTEN]', 'clock': 1384139049}, {'host': 'hogehoge.com', 'value': 2, 'key': 'linux.net.tcp[ESTABLISHED]', 'clock': 1384139049}, {'host': 'hogehoge.com', 'value': 0, 'key': 'linux.net.tcp[FIN_WAIT1]', 'clock': 1384139049}, {'host': 'hogehoge.com', 'value': 0, 'key': 'linux.net.tcp[SYN_RECV]', 'clock': 1384139049}, {'host': 'hogehoge.com', 'value': 1, 'key': 'linux.net.tcp[TIME_WAIT]', 'clock': 1384139049}, {'host': 'hogehoge.com', 'value': 1, 'key': 'linux.net.tcp[SYN_SENT]', 'clock': 1384139049}, {'host': 'hogehoge.com', 'value': 0, 'key': 'linux.net.tcp[LAST_ACK]', 'clock': 1384139049}, {'host': 'hogehoge.com', 'value': 0, 'key': 'linux.net.tcp[FIN_WAIT2]', 'clock': 1384139049}, {'host': 'A13012', 'value': '0', 'key': 'memcached.delete_misses', 'clock': 1384139049}, {'host': 'A13012', 'value': '0', 'key': 'memcached.delete_hits', 'clock': 1384139049}, {'host': 'A13012', 'value': '0', 'key': 'memcached.incr_misses', 'clock': 1384139049}, {'host': 'A13012', 'value': '0', 'key': 'memcached.incr_hits', 'clock': 1384139049}, {'host': 'A13012', 'value': '0', 'key': 'memcached.decr_misses', 'clock': 1384139049}, {'host': 'A13012', 'value': '0', 'key': 'memcached.decr_hits', 'clock': 1384139049}, {'host': 'A13012', 'value': '0', 'key': 'memcached.cas_misses', 'clock': 1384139049}, {'host': 'A13012', 'value': '0', 'key': 'memcached.cas_hits', 'clock': 1384139049}, {'host': 'A13012', 'value': '0', 'key': 'memcached.cas_badval', 'clock': 1384139049}, {'host': 'A13012', 'value': '0', 'key': 'memcached.auth_cmds', 'clock': 1384139049}, {'host': 'A13012', 'value': '0', 'key': 'memcached.auth_errors', 'clock': 1384139049}, {'host': 'A13012', 'value': '53581', 'key': 'memcached.bytes_read', 'clock': 1384139049}, {'host': 'A13012', 'value': '6858072', 'key': 'memcached.bytes_written', 'clock': 1384139049}, {'host': 'A13012', 'value': '67108864', 'key': 'memcached.limit_maxbytes', 'clock': 1384139049}, {'host': 'A13012', 'value': '1', 'key': 'memcached.accepting_conns', 'clock': 1384139049}, {'host': 'A13012', 'value': '0', 'key': 'memcached.listen_disabled_num', 'clock': 1384139049}, {'host': 'A13012', 'value': '4', 'key': 'memcached.threads', 'clock': 1384139049}, {'host': 'A13012', 'value': '0', 'key': 'memcached.conn_yields', 'clock': 1384139049}, {'host': 'A13012', 'value': '0', 'key': 'memcached.bytes', 'clock': 1384139049}, {'host': 'A13012', 'value': '0', 'key': 'memcached.curr_items', 'clock': 1384139049}, {'host': 'A13012', 'value': '0', 'key': 'memcached.total_items', 'clock': 1384139049}, {'host': 'A13012', 'value': '0', 'key': 'memcached.evictions', 'clock': 1384139049}, {'host': 'hogehoge.com', 'value': 0, 'key': 'linux.net.tcp6[TIME_WAIT]', 'clock': 1384139049}, {'host': 'hogehoge.com', 'value': 0, 'key': 'linux.net.tcp6[SYN_SENT]', 'clock': 1384139049}, {'host': 'hogehoge.com', 'value': 2, 'key': 'linux.net.tcp6[ESTABLISHED]', 'clock': 1384139049}, {'host': 'hogehoge.com', 'value': 0, 'key': 'linux.net.tcp6[FIN_WAIT2]', 'clock': 1384139049}, {'host': 'hogehoge.com', 'value': 9, 'key': 'linux.net.tcp6[LISTEN]', 'clock': 1384139049}, {'host': 'hogehoge.com', 'value': 0, 'key': 'linux.net.tcp6[CLOSING]', 'clock': 1384139049}, {'host': 'hogehoge.com', 'value': 0, 'key': 'linux.net.tcp6[SYN_RECV]', 'clock': 1384139049}, {'host': 'hogehoge.com', 'value': 0, 'key': 'linux.net.tcp6[FIN_WAIT1]', 'clock': 1384139049}, {'host': 'hogehoge.com', 'value': 0, 'key': 'linux.net.tcp6[LAST_ACK]', 'clock': 1384139049}, {'host': 'hogehoge.com', 'value': 0, 'key': 'linux.net.tcp6[CLOSE]', 'clock': 1384139049}, {'host': 'hogehoge.com', 'value': 0, 'key': 'linux.net.tcp6[CLOSE_WAIT]', 'clock': 1384139049}], 'request': 'sender data'}
log_level:DEBUG	time:11/Nov/2013:12:04:09 +0000	process:blackbird	thread:zabbix	message:{u'info': u'Processed 33 Failed 26 Total 59 Seconds spent 0.000427', u'response': u'success'}
Terminating on signal 15
